2024-06-28 15:18:09 - c.e.p.p.PracticeAppApplication - Starting PracticeAppApplication using Java 17.0.4.1 with PID 15040 (C:\Users\balam\Downloads\practice-app\target\classes started by balam in C:\Users\balam\Downloads\practice-app)
2024-06-28 15:18:09 - c.e.p.p.PracticeAppApplication - Running with Spring Boot v3.3.1, Spring v6.1.10
2024-06-28 15:18:09 - c.e.p.p.PracticeAppApplication - No active profile set, falling back to 1 default profile: "default"
2024-06-28 15:18:09 - o.s.b.d.e.DevToolsPropertyDefaultsPostProcessor - Devtools property defaults active! Set 'spring.devtools.add-properties' to 'false' to disable
2024-06-28 15:18:09 - o.s.b.d.e.DevToolsPropertyDefaultsPostProcessor - For additional web related logging consider setting the 'logging.level.web' property to 'DEBUG'
2024-06-28 15:18:11 - o.s.d.r.c.RepositoryConfigurationDelegate - Bootstrapping Spring Data JPA repositories in DEFAULT mode.
2024-06-28 15:18:11 - o.s.d.r.c.RepositoryConfigurationDelegate - Finished Spring Data repository scanning in 94 ms. Found 1 JPA repository interface.
2024-06-28 15:18:12 - o.s.b.w.e.tomcat.TomcatWebServer - Tomcat initialized with port 8321 (http)
2024-06-28 15:18:12 - o.a.catalina.core.StandardService - Starting service [Tomcat]
2024-06-28 15:18:12 - o.a.catalina.core.StandardEngine - Starting Servlet engine: [Apache Tomcat/10.1.25]
2024-06-28 15:18:12 - o.a.c.c.C.[Tomcat].[localhost].[/] - Initializing Spring embedded WebApplicationContext
2024-06-28 15:18:12 - o.s.b.w.s.c.ServletWebServerApplicationContext - Root WebApplicationContext: initialization completed in 3298 ms
2024-06-28 15:18:13 - o.h.jpa.internal.util.LogHelper - HHH000204: Processing PersistenceUnitInfo [name: default]
2024-06-28 15:18:13 - org.hibernate.Version - HHH000412: Hibernate ORM core version 6.5.2.Final
2024-06-28 15:18:13 - o.h.c.i.RegionFactoryInitiator - HHH000026: Second-level cache disabled
2024-06-28 15:18:13 - o.s.o.j.p.SpringPersistenceUnitInfo - No LoadTimeWeaver setup: ignoring JPA class transformer
2024-06-28 15:18:13 - com.zaxxer.hikari.HikariDataSource - HikariPool-1 - Starting...
2024-06-28 15:18:14 - com.zaxxer.hikari.pool.HikariPool - HikariPool-1 - Added connection com.mysql.cj.jdbc.ConnectionImpl@60c7a9a0
2024-06-28 15:18:14 - com.zaxxer.hikari.HikariDataSource - HikariPool-1 - Start completed.
2024-06-28 15:18:15 - o.h.e.t.j.p.i.JtaPlatformInitiator - HHH000489: No JTA platform available (set 'hibernate.transaction.jta.platform' to enable JTA platform integration)
2024-06-28 15:18:15 - o.s.o.j.LocalContainerEntityManagerFactoryBean - Initialized JPA EntityManagerFactory for persistence unit 'default'
2024-06-28 15:18:15 - o.s.b.a.o.j.JpaBaseConfiguration$JpaWebConfiguration - spring.jpa.open-in-view is enabled by default. Therefore, database queries may be performed during view rendering. Explicitly configure spring.jpa.open-in-view to disable this warning
2024-06-28 15:18:17 - o.s.b.d.a.OptionalLiveReloadServer - LiveReload server is running on port 35729
2024-06-28 15:18:17 - o.s.b.a.e.web.EndpointLinksResolver - Exposing 1 endpoint beneath base path '/actuator'
2024-06-28 15:18:17 - o.s.b.w.e.tomcat.TomcatWebServer - Tomcat started on port 8321 (http) with context path '/'
2024-06-28 15:18:17 - c.e.p.p.PracticeAppApplication - Started PracticeAppApplication in 8.859 seconds (process running for 10.313)
2024-06-28 15:18:17 - o.a.c.c.C.[Tomcat].[localhost].[/] - Initializing Spring DispatcherServlet 'dispatcherServlet'
2024-06-28 15:18:17 - o.s.web.servlet.DispatcherServlet - Initializing Servlet 'dispatcherServlet'
2024-06-28 15:18:17 - o.s.web.servlet.DispatcherServlet - Completed initialization in 1 ms
2024-06-28 15:18:38 - c.e.p.p.Controller.DataController - Entered into the DataController class save method
2024-06-28 15:18:38 - c.e.p.p.Controller.DataController - with inValid Object
2024-06-28 15:18:38 - c.e.p.p.C.GlobalExceptionHandler - Entered into the GlobalExceptionHandler ControllerAdvice class ==> 
 handleNoValidDataException method
2024-06-28 15:18:38 - o.s.w.s.m.m.a.ExceptionHandlerExceptionResolver - Resolved [com.example.practice.practice_app.Exception.NoValidDataException: The given data is not a valid one]
2024-06-28 15:20:18 - o.s.b.a.SpringApplicationAdminMXBeanRegistrar$SpringApplicationAdmin - Application shutdown requested.
2024-06-28 15:20:18 - o.s.o.j.LocalContainerEntityManagerFactoryBean - Closing JPA EntityManagerFactory for persistence unit 'default'
2024-06-28 15:20:18 - com.zaxxer.hikari.HikariDataSource - HikariPool-1 - Shutdown initiated...
2024-06-28 15:20:18 - com.zaxxer.hikari.HikariDataSource - HikariPool-1 - Shutdown completed.
2024-06-28 15:53:29 - c.e.p.p.PracticeAppApplication - Starting PracticeAppApplication using Java 17.0.4.1 with PID 30952 (C:\Users\balam\Downloads\practice-app\target\classes started by balam in C:\Users\balam\Downloads\practice-app)
2024-06-28 15:53:29 - c.e.p.p.PracticeAppApplication - Running with Spring Boot v3.3.1, Spring v6.1.10
2024-06-28 15:53:29 - c.e.p.p.PracticeAppApplication - No active profile set, falling back to 1 default profile: "default"
2024-06-28 15:53:29 - o.s.b.d.e.DevToolsPropertyDefaultsPostProcessor - Devtools property defaults active! Set 'spring.devtools.add-properties' to 'false' to disable
2024-06-28 15:53:29 - o.s.b.d.e.DevToolsPropertyDefaultsPostProcessor - For additional web related logging consider setting the 'logging.level.web' property to 'DEBUG'
2024-06-28 15:53:31 - o.s.d.r.c.RepositoryConfigurationDelegate - Bootstrapping Spring Data JPA repositories in DEFAULT mode.
2024-06-28 15:53:31 - o.s.d.r.c.RepositoryConfigurationDelegate - Finished Spring Data repository scanning in 73 ms. Found 1 JPA repository interface.
2024-06-28 15:53:32 - o.s.b.w.e.tomcat.TomcatWebServer - Tomcat initialized with port 8321 (http)
2024-06-28 15:53:32 - o.a.catalina.core.StandardService - Starting service [Tomcat]
2024-06-28 15:53:32 - o.a.catalina.core.StandardEngine - Starting Servlet engine: [Apache Tomcat/10.1.25]
2024-06-28 15:53:33 - o.a.c.c.C.[Tomcat].[localhost].[/] - Initializing Spring embedded WebApplicationContext
2024-06-28 15:53:33 - o.s.b.w.s.c.ServletWebServerApplicationContext - Root WebApplicationContext: initialization completed in 3097 ms
2024-06-28 15:53:33 - o.h.jpa.internal.util.LogHelper - HHH000204: Processing PersistenceUnitInfo [name: default]
2024-06-28 15:53:33 - org.hibernate.Version - HHH000412: Hibernate ORM core version 6.5.2.Final
2024-06-28 15:53:33 - o.h.c.i.RegionFactoryInitiator - HHH000026: Second-level cache disabled
2024-06-28 15:53:34 - o.s.o.j.p.SpringPersistenceUnitInfo - No LoadTimeWeaver setup: ignoring JPA class transformer
2024-06-28 15:53:34 - com.zaxxer.hikari.HikariDataSource - HikariPool-1 - Starting...
2024-06-28 15:53:34 - com.zaxxer.hikari.pool.HikariPool - HikariPool-1 - Added connection com.mysql.cj.jdbc.ConnectionImpl@5a954a3f
2024-06-28 15:53:34 - com.zaxxer.hikari.HikariDataSource - HikariPool-1 - Start completed.
2024-06-28 15:53:36 - o.h.e.t.j.p.i.JtaPlatformInitiator - HHH000489: No JTA platform available (set 'hibernate.transaction.jta.platform' to enable JTA platform integration)
2024-06-28 15:53:36 - o.s.o.j.LocalContainerEntityManagerFactoryBean - Initialized JPA EntityManagerFactory for persistence unit 'default'
2024-06-28 15:53:36 - o.s.b.a.o.j.JpaBaseConfiguration$JpaWebConfiguration - spring.jpa.open-in-view is enabled by default. Therefore, database queries may be performed during view rendering. Explicitly configure spring.jpa.open-in-view to disable this warning
2024-06-28 15:53:37 - o.s.b.d.a.OptionalLiveReloadServer - LiveReload server is running on port 35729
2024-06-28 15:53:37 - o.s.b.a.e.web.EndpointLinksResolver - Exposing 14 endpoints beneath base path '/actuator'
2024-06-28 15:53:37 - o.s.b.w.e.tomcat.TomcatWebServer - Tomcat started on port 8321 (http) with context path '/'
2024-06-28 15:53:37 - c.e.p.p.PracticeAppApplication - Started PracticeAppApplication in 8.685 seconds (process running for 9.895)
2024-06-28 15:53:38 - o.a.c.c.C.[Tomcat].[localhost].[/] - Initializing Spring DispatcherServlet 'dispatcherServlet'
2024-06-28 15:53:38 - o.s.web.servlet.DispatcherServlet - Initializing Servlet 'dispatcherServlet'
2024-06-28 15:53:38 - o.s.web.servlet.DispatcherServlet - Completed initialization in 2 ms
2024-06-28 15:55:37 - o.s.b.d.a.LocalDevToolsAutoConfiguration$RestartingClassPathChangeChangedEventListener - Restarting due to 1 class path change (0 additions, 0 deletions, 1 modification)
2024-06-28 15:55:37 - o.s.o.j.LocalContainerEntityManagerFactoryBean - Closing JPA EntityManagerFactory for persistence unit 'default'
2024-06-28 15:55:37 - com.zaxxer.hikari.HikariDataSource - HikariPool-1 - Shutdown initiated...
2024-06-28 15:55:37 - com.zaxxer.hikari.HikariDataSource - HikariPool-1 - Shutdown completed.
2024-06-28 15:55:37 - c.e.p.p.PracticeAppApplication - Starting PracticeAppApplication using Java 17.0.4.1 with PID 30952 (C:\Users\balam\Downloads\practice-app\target\classes started by balam in C:\Users\balam\Downloads\practice-app)
2024-06-28 15:55:37 - c.e.p.p.PracticeAppApplication - Running with Spring Boot v3.3.1, Spring v6.1.10
2024-06-28 15:55:37 - c.e.p.p.PracticeAppApplication - No active profile set, falling back to 1 default profile: "default"
2024-06-28 15:55:38 - o.s.d.r.c.RepositoryConfigurationDelegate - Bootstrapping Spring Data JPA repositories in DEFAULT mode.
2024-06-28 15:55:38 - o.s.d.r.c.RepositoryConfigurationDelegate - Finished Spring Data repository scanning in 20 ms. Found 1 JPA repository interface.
2024-06-28 15:55:38 - o.s.b.w.e.tomcat.TomcatWebServer - Tomcat initialized with port 8321 (http)
2024-06-28 15:55:38 - o.a.catalina.core.StandardService - Starting service [Tomcat]
2024-06-28 15:55:38 - o.a.catalina.core.StandardEngine - Starting Servlet engine: [Apache Tomcat/10.1.25]
2024-06-28 15:55:38 - o.a.c.c.C.[Tomcat].[localhost].[/] - Initializing Spring embedded WebApplicationContext
2024-06-28 15:55:38 - o.s.b.w.s.c.ServletWebServerApplicationContext - Root WebApplicationContext: initialization completed in 869 ms
2024-06-28 15:55:38 - o.h.jpa.internal.util.LogHelper - HHH000204: Processing PersistenceUnitInfo [name: default]
2024-06-28 15:55:38 - o.h.c.i.RegionFactoryInitiator - HHH000026: Second-level cache disabled
2024-06-28 15:55:38 - o.s.o.j.p.SpringPersistenceUnitInfo - No LoadTimeWeaver setup: ignoring JPA class transformer
2024-06-28 15:55:38 - com.zaxxer.hikari.HikariDataSource - HikariPool-2 - Starting...
2024-06-28 15:55:38 - com.zaxxer.hikari.pool.HikariPool - HikariPool-2 - Added connection com.mysql.cj.jdbc.ConnectionImpl@a111f51
2024-06-28 15:55:38 - com.zaxxer.hikari.HikariDataSource - HikariPool-2 - Start completed.
2024-06-28 15:55:39 - o.h.e.t.j.p.i.JtaPlatformInitiator - HHH000489: No JTA platform available (set 'hibernate.transaction.jta.platform' to enable JTA platform integration)
2024-06-28 15:55:39 - o.s.o.j.LocalContainerEntityManagerFactoryBean - Initialized JPA EntityManagerFactory for persistence unit 'default'
2024-06-28 15:55:39 - o.s.b.a.o.j.JpaBaseConfiguration$JpaWebConfiguration - spring.jpa.open-in-view is enabled by default. Therefore, database queries may be performed during view rendering. Explicitly configure spring.jpa.open-in-view to disable this warning
2024-06-28 15:55:39 - o.s.b.d.a.OptionalLiveReloadServer - LiveReload server is running on port 35729
2024-06-28 15:55:39 - o.s.b.a.e.web.EndpointLinksResolver - Exposing 13 endpoints beneath base path '/actuator'
2024-06-28 15:55:39 - o.s.b.w.e.tomcat.TomcatWebServer - Tomcat started on port 8321 (http) with context path '/'
2024-06-28 15:55:39 - c.e.p.p.PracticeAppApplication - Started PracticeAppApplication in 2.32 seconds (process running for 132.071)
2024-06-28 15:55:39 - o.s.b.d.a.ConditionEvaluationDeltaLoggingListener - Condition evaluation unchanged
2024-06-28 15:55:47 - o.s.b.a.SpringApplicationAdminMXBeanRegistrar$SpringApplicationAdmin - Application shutdown requested.
2024-06-28 15:55:47 - o.s.o.j.LocalContainerEntityManagerFactoryBean - Closing JPA EntityManagerFactory for persistence unit 'default'
2024-06-28 15:55:47 - com.zaxxer.hikari.HikariDataSource - HikariPool-2 - Shutdown initiated...
2024-06-28 15:55:47 - com.zaxxer.hikari.HikariDataSource - HikariPool-2 - Shutdown completed.
